<?xml version="1.0" encoding="UTF-8"?>
<!-- Generated by org.testng.reporters.JUnitReportReporter -->
<testsuite hostname="Dell" failures="0" tests="1" name="TestCases.TC_Register_002" time="5.005" errors="0" timestamp="2023-11-27T14:19:00 IST" skipped="0">
  <testcase classname="TestCases.TC_Register_002" name="RegisterTest" time="5.005"/>
</testsuite> <!-- TestCases.TC_Register_002 -->
